TN:
SF:aoc-suite.ts
FN:9,(anonymous_6)
FN:14,(anonymous_7)
FNF:2
FNH:2
FNDA:4,(anonymous_6)
FNDA:4,(anonymous_7)
DA:1,4
DA:2,4
DA:10,4
DA:11,4
DA:15,4
DA:16,4
DA:17,4
DA:18,0
DA:19,0
DA:20,0
DA:22,4
DA:26,4
LF:12
LH:9
BRDA:14,0,0,4
BRDA:17,1,0,0
BRF:2
BRH:1
end_of_record
TN:
SF:day-01\day-01-1.ts
FN:1,day011
FN:4,(anonymous_1)
FN:8,(anonymous_2)
FNF:3
FNH:3
FNDA:1,day011
FNDA:10,(anonymous_1)
FNDA:10,(anonymous_2)
DA:1,1
DA:2,1
DA:4,10
DA:6,1
DA:7,1
DA:8,1
DA:9,10
DA:10,7
DA:12,10
DA:15,1
DA:18,1
LF:11
LH:11
BRDA:9,0,0,7
BRDA:9,1,0,10
BRDA:9,1,1,9
BRF:3
BRH:3
end_of_record
TN:
SF:day-01\day-01-2.ts
FN:1,solver
FN:4,(anonymous_1)
FN:10,(anonymous_2)
FNF:3
FNH:3
FNDA:1,solver
FNDA:10,(anonymous_1)
FNDA:16,(anonymous_2)
DA:1,1
DA:2,1
DA:4,10
DA:6,1
DA:7,1
DA:9,1
DA:10,16
DA:12,8
DA:13,5
DA:16,8
DA:17,8
DA:20,1
DA:23,1
LF:13
LH:13
BRDA:12,0,0,5
BRDA:12,1,0,8
BRDA:12,1,1,7
BRF:3
BRH:3
end_of_record
TN:
SF:day-02\day-02-1.ts
FN:3,day021
FN:6,(anonymous_2)
FNF:2
FNH:2
FNDA:1,day021
FNDA:6,(anonymous_2)
DA:1,1
DA:3,1
DA:4,1
DA:7,6
DA:8,6
DA:11,1
DA:12,1
DA:14,1
DA:17,1
LF:9
LH:9
BRF:0
BRH:0
end_of_record
TN:
SF:day-02\day-02-2.ts
FN:3,day022
FN:6,(anonymous_2)
FNF:2
FNH:2
FNDA:1,day022
FNDA:6,(anonymous_2)
DA:1,1
DA:3,1
DA:4,1
DA:7,6
DA:8,6
DA:11,1
DA:12,1
DA:14,1
DA:17,1
LF:9
LH:9
BRF:0
BRH:0
end_of_record
TN:
SF:day-02\sub-mk-1.ts
FN:10,(anonymous_0)
FN:14,(anonymous_1)
FN:18,(anonymous_2)
FN:22,(anonymous_3)
FN:26,(anonymous_4)
FN:42,(anonymous_5)
FN:43,(anonymous_6)
FNF:7
FNH:7
FNDA:1,(anonymous_0)
FNDA:3,(anonymous_1)
FNDA:1,(anonymous_2)
FNDA:2,(anonymous_3)
FNDA:6,(anonymous_4)
FNDA:1,(anonymous_5)
FNDA:6,(anonymous_6)
DA:11,1
DA:12,1
DA:15,3
DA:19,1
DA:23,2
DA:27,6
DA:29,6
DA:30,3
DA:33,6
DA:34,1
DA:37,6
DA:38,2
DA:43,6
DA:48,1
LF:14
LH:14
BRDA:29,0,0,3
BRDA:33,1,0,1
BRDA:37,2,0,2
BRF:3
BRH:3
end_of_record
TN:
SF:day-02\sub-mk-2.ts
FN:10,(anonymous_0)
FN:15,(anonymous_1)
FN:20,(anonymous_2)
FN:24,(anonymous_3)
FN:28,(anonymous_4)
FN:44,(anonymous_5)
FN:45,(anonymous_6)
FNF:7
FNH:7
FNDA:1,(anonymous_0)
FNDA:3,(anonymous_1)
FNDA:1,(anonymous_2)
FNDA:2,(anonymous_3)
FNDA:6,(anonymous_4)
FNDA:1,(anonymous_5)
FNDA:6,(anonymous_6)
DA:11,1
DA:12,1
DA:13,1
DA:16,3
DA:17,3
DA:21,1
DA:25,2
DA:29,6
DA:31,6
DA:32,3
DA:35,6
DA:36,1
DA:39,6
DA:40,2
DA:45,6
DA:50,1
LF:16
LH:16
BRDA:31,0,0,3
BRDA:35,1,0,1
BRDA:39,2,0,2
BRF:3
BRH:3
end_of_record
