TN:
SF:aoc-suite.ts
FN:9,(anonymous_6)
FN:14,(anonymous_7)
FNF:2
FNH:2
FNDA:8,(anonymous_6)
FNDA:8,(anonymous_7)
DA:1,8
DA:2,8
DA:10,8
DA:11,8
DA:15,8
DA:16,8
DA:17,8
DA:18,0
DA:19,0
DA:20,0
DA:22,8
DA:26,8
LF:12
LH:9
BRDA:14,0,0,8
BRDA:17,1,0,0
BRF:2
BRH:1
end_of_record
TN:
SF:day-01\day-01-1.ts
FN:1,day011
FN:4,(anonymous_1)
FN:8,(anonymous_2)
FNF:3
FNH:3
FNDA:1,day011
FNDA:10,(anonymous_1)
FNDA:10,(anonymous_2)
DA:1,1
DA:2,1
DA:4,10
DA:6,1
DA:7,1
DA:8,1
DA:9,10
DA:10,7
DA:12,10
DA:15,1
DA:18,1
LF:11
LH:11
BRDA:9,0,0,7
BRDA:9,1,0,10
BRDA:9,1,1,9
BRF:3
BRH:3
end_of_record
TN:
SF:day-01\day-01-2.ts
FN:1,solver
FN:4,(anonymous_1)
FN:10,(anonymous_2)
FNF:3
FNH:3
FNDA:1,solver
FNDA:10,(anonymous_1)
FNDA:16,(anonymous_2)
DA:1,1
DA:2,1
DA:4,10
DA:6,1
DA:7,1
DA:9,1
DA:10,16
DA:12,8
DA:13,5
DA:16,8
DA:17,8
DA:20,1
DA:23,1
LF:13
LH:13
BRDA:12,0,0,5
BRDA:12,1,0,8
BRDA:12,1,1,7
BRF:3
BRH:3
end_of_record
TN:
SF:day-02\day-02-1.ts
FN:3,day021
FN:6,(anonymous_2)
FNF:2
FNH:2
FNDA:1,day021
FNDA:6,(anonymous_2)
DA:1,1
DA:3,1
DA:4,1
DA:7,6
DA:8,6
DA:11,1
DA:12,1
DA:14,1
DA:17,1
LF:9
LH:9
BRF:0
BRH:0
end_of_record
TN:
SF:day-02\day-02-2.ts
FN:3,day022
FN:6,(anonymous_2)
FNF:2
FNH:2
FNDA:1,day022
FNDA:6,(anonymous_2)
DA:1,1
DA:3,1
DA:4,1
DA:7,6
DA:8,6
DA:11,1
DA:12,1
DA:14,1
DA:17,1
LF:9
LH:9
BRF:0
BRH:0
end_of_record
TN:
SF:day-02\sub-mk-1.ts
FN:10,(anonymous_0)
FN:14,(anonymous_1)
FN:18,(anonymous_2)
FN:22,(anonymous_3)
FN:26,(anonymous_4)
FN:42,(anonymous_5)
FN:43,(anonymous_6)
FNF:7
FNH:7
FNDA:1,(anonymous_0)
FNDA:3,(anonymous_1)
FNDA:1,(anonymous_2)
FNDA:2,(anonymous_3)
FNDA:6,(anonymous_4)
FNDA:1,(anonymous_5)
FNDA:6,(anonymous_6)
DA:11,1
DA:12,1
DA:15,3
DA:19,1
DA:23,2
DA:27,6
DA:29,6
DA:30,3
DA:33,6
DA:34,1
DA:37,6
DA:38,2
DA:43,6
DA:48,1
LF:14
LH:14
BRDA:29,0,0,3
BRDA:33,1,0,1
BRDA:37,2,0,2
BRF:3
BRH:3
end_of_record
TN:
SF:day-02\sub-mk-2.ts
FN:10,(anonymous_0)
FN:15,(anonymous_1)
FN:20,(anonymous_2)
FN:24,(anonymous_3)
FN:28,(anonymous_4)
FN:44,(anonymous_5)
FN:45,(anonymous_6)
FNF:7
FNH:7
FNDA:1,(anonymous_0)
FNDA:3,(anonymous_1)
FNDA:1,(anonymous_2)
FNDA:2,(anonymous_3)
FNDA:6,(anonymous_4)
FNDA:1,(anonymous_5)
FNDA:6,(anonymous_6)
DA:11,1
DA:12,1
DA:13,1
DA:16,3
DA:17,3
DA:21,1
DA:25,2
DA:29,6
DA:31,6
DA:32,3
DA:35,6
DA:36,1
DA:39,6
DA:40,2
DA:45,6
DA:50,1
LF:16
LH:16
BRDA:31,0,0,3
BRDA:35,1,0,1
BRDA:39,2,0,2
BRF:3
BRH:3
end_of_record
TN:
SF:day-03\day-03-1.ts
FN:1,day031
FN:8,(anonymous_1)
FN:9,(anonymous_2)
FN:24,(anonymous_3)
FNF:4
FNH:4
FNDA:1,day031
FNDA:12,(anonymous_1)
FNDA:60,(anonymous_2)
FNDA:5,(anonymous_3)
DA:1,1
DA:2,1
DA:5,1
DA:6,1
DA:8,1
DA:9,60
DA:10,12
DA:11,1
DA:14,12
DA:15,60
DA:18,12
DA:21,1
DA:22,1
DA:24,1
DA:25,5
DA:26,3
DA:27,3
DA:29,2
DA:30,2
DA:34,1
DA:37,1
LF:21
LH:21
BRDA:10,0,0,1
BRDA:25,1,0,3
BRDA:25,1,1,2
BRF:3
BRH:3
end_of_record
TN:
SF:day-03\day-03-2.ts
FN:2,filter
FN:31,day032
FNF:2
FNH:2
FNDA:8,filter
FNDA:1,day032
DA:3,8
DA:4,8
DA:5,8
DA:7,8
DA:8,47
DA:9,47
DA:10,26
DA:12,21
DA:16,8
DA:17,5
DA:18,4
DA:21,1
DA:24,3
DA:25,1
DA:28,2
DA:31,1
DA:32,1
DA:35,1
DA:37,1
DA:38,1
DA:40,1
DA:41,5
DA:42,5
DA:44,5
DA:45,3
DA:49,1
DA:52,1
LF:27
LH:27
BRDA:2,0,0,0
BRDA:2,1,0,0
BRDA:9,2,0,26
BRDA:9,2,1,21
BRDA:16,3,0,5
BRDA:17,4,0,4
BRDA:24,5,0,1
BRDA:41,6,0,5
BRDA:44,7,0,3
BRF:9
BRH:7
end_of_record
TN:
SF:day-04\day-04-1.ts
FN:1,checkIfWon
FN:48,day041
FN:52,(anonymous_2)
FN:53,(anonymous_3)
FN:54,(anonymous_4)
FN:77,(anonymous_5)
FN:79,(anonymous_6)
FNF:7
FNH:7
FNDA:1,checkIfWon
FNDA:1,day041
FNDA:18,(anonymous_2)
FNDA:15,(anonymous_3)
FNDA:103,(anonymous_4)
FNDA:25,(anonymous_5)
FNDA:13,(anonymous_6)
DA:2,1
DA:4,1
DA:7,1
DA:8,1
DA:9,12
DA:10,12
DA:11,36
DA:12,36
DA:13,176
DA:15,176
DA:16,879
DA:17,879
DA:18,36
DA:19,3
DA:21,36
DA:22,14
DA:24,36
DA:25,15
DA:28,36
DA:29,36
DA:31,36
DA:32,1
DA:33,1
DA:41,1
DA:48,1
DA:49,1
DA:51,1
DA:52,18
DA:54,103
DA:56,1
DA:58,1
DA:59,1
DA:61,1
DA:62,15
DA:63,15
DA:64,3
DA:67,15
DA:69,15
DA:70,3
DA:74,1
DA:75,1
DA:77,25
DA:79,1
DA:80,13
DA:83,1
DA:85,1
DA:88,1
LF:47
LH:47
BRDA:17,0,0,36
BRDA:18,1,0,3
BRDA:21,2,0,14
BRDA:24,3,0,15
BRDA:31,4,0,1
BRDA:31,5,0,36
BRDA:31,5,1,35
BRDA:63,6,0,3
BRDA:69,7,0,3
BRDA:69,8,0,15
BRDA:69,8,1,14
BRF:11
BRH:11
end_of_record
TN:
SF:day-04\day-04-2.ts
FN:1,checkIfWon
FN:53,day042
FN:58,(anonymous_2)
FN:59,(anonymous_3)
FN:60,(anonymous_4)
FN:84,(anonymous_5)
FN:86,(anonymous_6)
FNF:7
FNH:7
FNDA:1,checkIfWon
FNDA:1,day042
FNDA:18,(anonymous_2)
FNDA:15,(anonymous_3)
FNDA:103,(anonymous_4)
FNDA:25,(anonymous_5)
FNDA:10,(anonymous_6)
DA:2,1
DA:3,1
DA:4,1
DA:7,1
DA:8,1
DA:9,15
DA:10,15
DA:11,44
DA:12,44
DA:13,217
DA:15,217
DA:16,1083
DA:17,1083
DA:18,44
DA:19,3
DA:21,44
DA:22,14
DA:24,44
DA:25,15
DA:28,44
DA:29,44
DA:31,44
DA:32,3
DA:33,3
DA:35,3
DA:36,1
DA:37,1
DA:46,1
DA:53,1
DA:54,1
DA:57,1
DA:58,18
DA:60,103
DA:63,1
DA:65,1
DA:66,1
DA:68,1
DA:69,15
DA:70,15
DA:71,3
DA:74,15
DA:76,15
DA:77,3
DA:81,1
DA:82,1
DA:84,25
DA:86,1
DA:87,10
DA:90,1
DA:92,1
DA:95,1
LF:51
LH:51
BRDA:17,0,0,44
BRDA:18,1,0,3
BRDA:21,2,0,14
BRDA:24,3,0,15
BRDA:31,4,0,3
BRDA:31,5,0,44
BRDA:31,5,1,42
BRDA:32,6,0,3
BRDA:35,7,0,1
BRDA:70,8,0,3
BRDA:76,9,0,3
BRDA:76,10,0,15
BRDA:76,10,1,14
BRF:13
BRH:13
end_of_record
